# JRE version: OpenJDK Runtime Environment (11.0.5+10) (build 11.0.5+10-post-Ubuntu-2ubuntu116.04)
# Java VM: OpenJDK 64-Bit Server VM (11.0.5+10-post-Ubuntu-2ubuntu116.04, mixed mode, sharing, tiered, compressed oops, g1 gc, linux-amd64)
Heap:
 garbage-first heap   total 459776K, used 44466K [0x00000006c8200000, 0x0000000800000000)
  region size 1024K, 37 young (37888K), 18 survivors (18432K)
 Metaspace       used 37864K, capacity 39222K, committed 39600K, reserved 1083392K
  class space    used 4782K, capacity 5292K, committed 5376K, reserved 1048576K
GC Heap History (12 events):
Event: 0,334 GC heap before
{Heap before GC invocations=0 (full 0):
 garbage-first heap   total 321536K, used 15032K [0x00000006c8200000, 0x0000000800000000)
  region size 1024K, 15 young (15360K), 0 survivors (0K)
 Metaspace       used 5239K, capacity 5733K, committed 6016K, reserved 1056768K
  class space    used 665K, capacity 795K, committed 896K, reserved 1048576K
}
Event: 0,341 GC heap after
{Heap after GC invocations=1 (full 0):
 garbage-first heap   total 321536K, used 7087K [0x00000006c8200000, 0x0000000800000000)
  region size 1024K, 2 young (2048K), 2 survivors (2048K)
 Metaspace       used 5239K, capacity 5733K, committed 6016K, reserved 1056768K
  class space    used 665K, capacity 795K, committed 896K, reserved 1048576K
}
Event: 0,453 GC heap before
{Heap before GC invocations=1 (full 0):
 garbage-first heap   total 321536K, used 20399K [0x00000006c8200000, 0x0000000800000000)
  region size 1024K, 15 young (15360K), 2 survivors (2048K)
 Metaspace       used 7170K, capacity 7509K, committed 7808K, reserved 1056768K
  class space    used 909K, capacity 1042K, committed 1152K, reserved 1048576K
}
Event: 0,457 GC heap after
{Heap after GC invocations=2 (full 0):
 garbage-first heap   total 321536K, used 8371K [0x00000006c8200000, 0x0000000800000000)
  region size 1024K, 2 young (2048K), 2 survivors (2048K)
 Metaspace       used 7170K, capacity 7509K, committed 7808K, reserved 1056768K
  class space    used 909K, capacity 1042K, committed 1152K, reserved 1048576K
}
Event: 0,570 GC heap before
{Heap before GC invocations=2 (full 0):
 garbage-first heap   total 321536K, used 31923K [0x00000006c8200000, 0x0000000800000000)
  region size 1024K, 25 young (25600K), 2 survivors (2048K)
 Metaspace       used 9383K, capacity 9797K, committed 10112K, reserved 1058816K
  class space    used 1221K, capacity 1385K, committed 1408K, reserved 1048576K
}
Event: 0,573 GC heap after
{Heap after GC invocations=3 (full 0):
 garbage-first heap   total 321536K, used 9017K [0x00000006c8200000, 0x0000000800000000)
  region size 1024K, 2 young (2048K), 2 survivors (2048K)
 Metaspace       used 9383K, capacity 9797K, committed 10112K, reserved 1058816K
  class space    used 1221K, capacity 1385K, committed 1408K, reserved 1048576K
}
Event: 0,967 GC heap before
{Heap before GC invocations=3 (full 0):
 garbage-first heap   total 321536K, used 90937K [0x00000006c8200000, 0x0000000800000000)
  region size 1024K, 84 young (86016K), 2 survivors (2048K)
 Metaspace       used 20522K, capacity 21255K, committed 21296K, reserved 1067008K
  class space    used 2658K, capacity 2927K, committed 2944K, reserved 1048576K
}
Event: 0,984 GC heap after
{Heap after GC invocations=4 (full 0):
 garbage-first heap   total 321536K, used 13509K [0x00000006c8200000, 0x0000000800000000)
  region size 1024K, 7 young (7168K), 7 survivors (7168K)
 Metaspace       used 20522K, capacity 21255K, committed 21296K, reserved 1067008K
  class space    used 2658K, capacity 2927K, committed 2944K, reserved 1048576K
}
Event: 1,655 GC heap before
{Heap before GC invocations=5 (full 0):
 garbage-first heap   total 321536K, used 109765K [0x00000006c8200000, 0x0000000800000000)
  region size 1024K, 101 young (103424K), 7 survivors (7168K)
 Metaspace       used 28928K, capacity 29982K, committed 30256K, reserved 1075200K
  class space    used 3731K, capacity 4138K, committed 4224K, reserved 1048576K
}
Event: 1,668 GC heap after
{Heap after GC invocations=6 (full 0):
 garbage-first heap   total 459776K, used 21426K [0x00000006c8200000, 0x0000000800000000)
  region size 1024K, 13 young (13312K), 13 survivors (13312K)
 Metaspace       used 28928K, capacity 29982K, committed 30256K, reserved 1075200K
  class space    used 3731K, capacity 4138K, committed 4224K, reserved 1048576K
}
Event: 2,150 GC heap before
{Heap before GC invocations=6 (full 0):
 garbage-first heap   total 459776K, used 92082K [0x00000006c8200000, 0x0000000800000000)
  region size 1024K, 81 young (82944K), 13 survivors (13312K)
 Metaspace       used 34520K, capacity 35767K, committed 35888K, reserved 1081344K
  class space    used 4404K, capacity 4886K, committed 4992K, reserved 1048576K
}
Event: 2,167 GC heap after
{Heap after GC invocations=7 (full 0):
 garbage-first heap   total 459776K, used 26034K [0x00000006c8200000, 0x0000000800000000)
  region size 1024K, 18 young (18432K), 18 survivors (18432K)
 Metaspace       used 34520K, capacity 35767K, committed 35888K, reserved 1081344K
  class space    used 4404K, capacity 4886K, committed 4992K, reserved 1048576K
}

