# JRE version: OpenJDK Runtime Environment (11.0.5+10) (build 11.0.5+10-post-Ubuntu-2ubuntu116.04)
# Java VM: OpenJDK 64-Bit Server VM (11.0.5+10-post-Ubuntu-2ubuntu116.04, mixed mode, sharing, tiered, compressed oops, g1 gc, linux-amd64)
Heap:
 garbage-first heap   total 447488K, used 56186K [0x00000006c8200000, 0x0000000800000000)
  region size 1024K, 43 young (44032K), 12 survivors (12288K)
 Metaspace       used 37963K, capacity 39277K, committed 39600K, reserved 1083392K
  class space    used 4784K, capacity 5291K, committed 5376K, reserved 1048576K
GC Heap History (12 events):
Event: 0,428 GC heap before
{Heap before GC invocations=0 (full 0):
 garbage-first heap   total 321536K, used 15032K [0x00000006c8200000, 0x0000000800000000)
  region size 1024K, 15 young (15360K), 0 survivors (0K)
 Metaspace       used 5292K, capacity 5733K, committed 6016K, reserved 1056768K
  class space    used 665K, capacity 795K, committed 896K, reserved 1048576K
}
Event: 0,435 GC heap after
{Heap after GC invocations=1 (full 0):
 garbage-first heap   total 321536K, used 7198K [0x00000006c8200000, 0x0000000800000000)
  region size 1024K, 2 young (2048K), 2 survivors (2048K)
 Metaspace       used 5292K, capacity 5733K, committed 6016K, reserved 1056768K
  class space    used 665K, capacity 795K, committed 896K, reserved 1048576K
}
Event: 0,563 GC heap before
{Heap before GC invocations=1 (full 0):
 garbage-first heap   total 321536K, used 20510K [0x00000006c8200000, 0x0000000800000000)
  region size 1024K, 15 young (15360K), 2 survivors (2048K)
 Metaspace       used 7249K, capacity 7629K, committed 7808K, reserved 1056768K
  class space    used 909K, capacity 1042K, committed 1152K, reserved 1048576K
}
Event: 0,567 GC heap after
{Heap after GC invocations=2 (full 0):
 garbage-first heap   total 321536K, used 8324K [0x00000006c8200000, 0x0000000800000000)
  region size 1024K, 2 young (2048K), 2 survivors (2048K)
 Metaspace       used 7249K, capacity 7629K, committed 7808K, reserved 1056768K
  class space    used 909K, capacity 1042K, committed 1152K, reserved 1048576K
}
Event: 0,690 GC heap before
{Heap before GC invocations=2 (full 0):
 garbage-first heap   total 321536K, used 32900K [0x00000006c8200000, 0x0000000800000000)
  region size 1024K, 27 young (27648K), 2 survivors (2048K)
 Metaspace       used 9687K, capacity 10088K, committed 10496K, reserved 1058816K
  class space    used 1256K, capacity 1420K, committed 1536K, reserved 1048576K
}
Event: 0,699 GC heap after
{Heap after GC invocations=3 (full 0):
 garbage-first heap   total 321536K, used 9102K [0x00000006c8200000, 0x0000000800000000)
  region size 1024K, 2 young (2048K), 2 survivors (2048K)
 Metaspace       used 9687K, capacity 10088K, committed 10496K, reserved 1058816K
  class space    used 1256K, capacity 1420K, committed 1536K, reserved 1048576K
}
Event: 1,044 GC heap before
{Heap before GC invocations=3 (full 0):
 garbage-first heap   total 321536K, used 83854K [0x00000006c8200000, 0x0000000800000000)
  region size 1024K, 77 young (78848K), 2 survivors (2048K)
 Metaspace       used 20532K, capacity 21234K, committed 21296K, reserved 1067008K
  class space    used 2648K, capacity 2923K, committed 2944K, reserved 1048576K
}
Event: 1,056 GC heap after
{Heap after GC invocations=4 (full 0):
 garbage-first heap   total 321536K, used 13201K [0x00000006c8200000, 0x0000000800000000)
  region size 1024K, 6 young (6144K), 6 survivors (6144K)
 Metaspace       used 20532K, capacity 21234K, committed 21296K, reserved 1067008K
  class space    used 2648K, capacity 2923K, committed 2944K, reserved 1048576K
}
Event: 1,644 GC heap before
{Heap before GC invocations=5 (full 0):
 garbage-first heap   total 321536K, used 103313K [0x00000006c8200000, 0x0000000800000000)
  region size 1024K, 94 young (96256K), 6 survivors (6144K)
 Metaspace       used 28852K, capacity 29896K, committed 30256K, reserved 1075200K
  class space    used 3743K, capacity 4153K, committed 4224K, reserved 1048576K
}
Event: 1,659 GC heap after
{Heap after GC invocations=6 (full 0):
 garbage-first heap   total 447488K, used 21027K [0x00000006c8200000, 0x0000000800000000)
  region size 1024K, 12 young (12288K), 12 survivors (12288K)
 Metaspace       used 28852K, capacity 29896K, committed 30256K, reserved 1075200K
  class space    used 3743K, capacity 4153K, committed 4224K, reserved 1048576K
}
Event: 2,103 GC heap before
{Heap before GC invocations=6 (full 0):
 garbage-first heap   total 447488K, used 100899K [0x00000006c8200000, 0x0000000800000000)
  region size 1024K, 89 young (91136K), 12 survivors (12288K)
 Metaspace       used 34554K, capacity 35784K, committed 35920K, reserved 1081344K
  class space    used 4396K, capacity 4852K, committed 4864K, reserved 1048576K
}
Event: 2,119 GC heap after
{Heap after GC invocations=7 (full 0):
 garbage-first heap   total 447488K, used 25466K [0x00000006c8200000, 0x0000000800000000)
  region size 1024K, 12 young (12288K), 12 survivors (12288K)
 Metaspace       used 34554K, capacity 35784K, committed 35920K, reserved 1081344K
  class space    used 4396K, capacity 4852K, committed 4864K, reserved 1048576K
}

