# JRE version: OpenJDK Runtime Environment (11.0.5+10) (build 11.0.5+10-post-Ubuntu-2ubuntu116.04)
# Java VM: OpenJDK 64-Bit Server VM (11.0.5+10-post-Ubuntu-2ubuntu116.04, mixed mode, sharing, tiered, compressed oops, g1 gc, linux-amd64)
Heap:
 garbage-first heap   total 421888K, used 49598K [0x00000006c8200000, 0x0000000800000000)
  region size 1024K, 42 young (43008K), 18 survivors (18432K)
 Metaspace       used 37880K, capacity 39218K, committed 39600K, reserved 1083392K
  class space    used 4781K, capacity 5291K, committed 5376K, reserved 1048576K
GC Heap History (12 events):
Event: 0,385 GC heap before
{Heap before GC invocations=0 (full 0):
 garbage-first heap   total 321536K, used 15032K [0x00000006c8200000, 0x0000000800000000)
  region size 1024K, 15 young (15360K), 0 survivors (0K)
 Metaspace       used 5256K, capacity 5733K, committed 6016K, reserved 1056768K
  class space    used 665K, capacity 795K, committed 896K, reserved 1048576K
}
Event: 0,392 GC heap after
{Heap after GC invocations=1 (full 0):
 garbage-first heap   total 321536K, used 7158K [0x00000006c8200000, 0x0000000800000000)
  region size 1024K, 2 young (2048K), 2 survivors (2048K)
 Metaspace       used 5256K, capacity 5733K, committed 6016K, reserved 1056768K
  class space    used 665K, capacity 795K, committed 896K, reserved 1048576K
}
Event: 0,515 GC heap before
{Heap before GC invocations=1 (full 0):
 garbage-first heap   total 321536K, used 20470K [0x00000006c8200000, 0x0000000800000000)
  region size 1024K, 15 young (15360K), 2 survivors (2048K)
 Metaspace       used 7203K, capacity 7573K, committed 7808K, reserved 1056768K
  class space    used 909K, capacity 1042K, committed 1152K, reserved 1048576K
}
Event: 0,521 GC heap after
{Heap after GC invocations=2 (full 0):
 garbage-first heap   total 321536K, used 8417K [0x00000006c8200000, 0x0000000800000000)
  region size 1024K, 2 young (2048K), 2 survivors (2048K)
 Metaspace       used 7203K, capacity 7573K, committed 7808K, reserved 1056768K
  class space    used 909K, capacity 1042K, committed 1152K, reserved 1048576K
}
Event: 0,664 GC heap before
{Heap before GC invocations=2 (full 0):
 garbage-first heap   total 321536K, used 31969K [0x00000006c8200000, 0x0000000800000000)
  region size 1024K, 25 young (25600K), 2 survivors (2048K)
 Metaspace       used 9416K, capacity 9797K, committed 10112K, reserved 1058816K
  class space    used 1224K, capacity 1385K, committed 1408K, reserved 1048576K
}
Event: 0,670 GC heap after
{Heap after GC invocations=3 (full 0):
 garbage-first heap   total 321536K, used 9142K [0x00000006c8200000, 0x0000000800000000)
  region size 1024K, 2 young (2048K), 2 survivors (2048K)
 Metaspace       used 9416K, capacity 9797K, committed 10112K, reserved 1058816K
  class space    used 1224K, capacity 1385K, committed 1408K, reserved 1048576K
}
Event: 1,055 GC heap before
{Heap before GC invocations=3 (full 0):
 garbage-first heap   total 321536K, used 91062K [0x00000006c8200000, 0x0000000800000000)
  region size 1024K, 84 young (86016K), 2 survivors (2048K)
 Metaspace       used 20549K, capacity 21254K, committed 21296K, reserved 1067008K
  class space    used 2660K, capacity 2927K, committed 2944K, reserved 1048576K
}
Event: 1,063 GC heap after
{Heap after GC invocations=4 (full 0):
 garbage-first heap   total 321536K, used 13573K [0x00000006c8200000, 0x0000000800000000)
  region size 1024K, 7 young (7168K), 7 survivors (7168K)
 Metaspace       used 20549K, capacity 21254K, committed 21296K, reserved 1067008K
  class space    used 2660K, capacity 2927K, committed 2944K, reserved 1048576K
}
Event: 1,616 GC heap before
{Heap before GC invocations=5 (full 0):
 garbage-first heap   total 321536K, used 110853K [0x00000006c8200000, 0x0000000800000000)
  region size 1024K, 102 young (104448K), 7 survivors (7168K)
 Metaspace       used 29265K, capacity 30434K, committed 30512K, reserved 1075200K
  class space    used 3790K, capacity 4221K, committed 4224K, reserved 1048576K
}
Event: 1,630 GC heap after
{Heap after GC invocations=6 (full 0):
 garbage-first heap   total 421888K, used 21438K [0x00000006c8200000, 0x0000000800000000)
  region size 1024K, 13 young (13312K), 13 survivors (13312K)
 Metaspace       used 29265K, capacity 30434K, committed 30512K, reserved 1075200K
  class space    used 3790K, capacity 4221K, committed 4224K, reserved 1048576K
}
Event: 2,059 GC heap before
{Heap before GC invocations=6 (full 0):
 garbage-first heap   total 421888K, used 90046K [0x00000006c8200000, 0x0000000800000000)
  region size 1024K, 79 young (80896K), 13 survivors (13312K)
 Metaspace       used 34506K, capacity 35731K, committed 35920K, reserved 1081344K
  class space    used 4401K, capacity 4853K, committed 4864K, reserved 1048576K
}
Event: 2,086 GC heap after
{Heap after GC invocations=7 (full 0):
 garbage-first heap   total 421888K, used 26046K [0x00000006c8200000, 0x0000000800000000)
  region size 1024K, 18 young (18432K), 18 survivors (18432K)
 Metaspace       used 34506K, capacity 35731K, committed 35920K, reserved 1081344K
  class space    used 4401K, capacity 4853K, committed 4864K, reserved 1048576K
}

